<?xml version="1.0" encoding="UTF-8"?>
<!-- Generated by org.testng.reporters.JUnitReportReporter -->
<testsuite hostname="Magl" name="Yixin.testScript.App_init_Test" tests="1" failures="0" timestamp="25 Jun 2017 14:35:19 GMT" time="55.942" errors="0">
  <testcase name="Test_Startup" time="55.942" classname="Yixin.testScript.App_init_Test"/>
</testsuite> <!-- Yixin.testScript.App_init_Test -->
