<?xml version="1.0" encoding="UTF-8"?>
<!-- Generated by org.testng.reporters.JUnitReportReporter -->
<testsuite hostname="Magl" name="Yixin.testScript.App_init" tests="1" failures="0" timestamp="24 Jun 2017 13:52:09 GMT" time="47.026" errors="0">
  <testcase name="Test_Startup" time="47.026" classname="Yixin.testScript.App_init"/>
</testsuite> <!-- Yixin.testScript.App_init -->
